<?xml version="1.0" encoding="UTF-8"?>
<testng-results ignored="0" total="1" passed="1" failed="0" skipped="0">
  <reporter-output>
  </reporter-output>
  <suite started-at="2023-07-24T19:59:15 IST" name="Default suite" finished-at="2023-07-24T20:00:36 IST" duration-ms="81282">
    <groups>
    </groups>
    <test started-at="2023-07-24T19:59:15 IST" name="Default test" finished-at="2023-07-24T20:00:36 IST" duration-ms="81282">
      <class name="test.CartTest">
        <test-method is-config="true" signature="setup()[pri:0, instance:test.CartTest@183ec003]" started-at="2023-07-24T19:59:15 IST" name="setup" finished-at="2023-07-24T19:59:28 IST" duration-ms="13834" status="PASS">
          <reporter-output>
          </reporter-output>
        </test-method> <!-- setup -->
        <test-method signature="testing()[pri:0, instance:test.CartTest@183ec003]" started-at="2023-07-24T19:59:28 IST" name="testing" finished-at="2023-07-24T20:00:36 IST" duration-ms="67318" status="PASS">
          <reporter-output>
          </reporter-output>
        </test-method> <!-- testing -->
      </class> <!-- test.CartTest -->
    </test> <!-- Default test -->
  </suite> <!-- Default suite -->
</testng-results>
